2021-02-20 17:32:08 [main] INFO  c.m.d.t.t.k.s.TwitterToKafkaServiceApplication - Starting TwitterToKafkaServiceApplication using Java 11.0.10 on Weibins-MBP-4 with PID 15897 (/Users/weibinshen/Projects/microservices-demo/twitter-to-kafka-service/target/classes started by weibinshen in /Users/weibinshen/Projects/microservices-demo)
2021-02-20 17:32:08 [main] INFO  c.m.d.t.t.k.s.TwitterToKafkaServiceApplication - No active profile set, falling back to default profiles: default
2021-02-20 17:32:08 [main] INFO  c.m.d.t.t.k.s.TwitterToKafkaServiceApplication - Started TwitterToKafkaServiceApplication in 0.888 seconds (JVM running for 1.405)
2021-02-20 17:32:08 [main] INFO  c.m.d.t.t.k.s.TwitterToKafkaServiceApplication - WEIBIN DEBUG: App Starts...
2021-02-20 17:32:08 [main] INFO  c.m.d.t.t.k.s.TwitterToKafkaServiceApplication - [Java, Microservices, Spring, Kafka, Elasticsearch]
2021-02-20 17:42:59 [main] INFO  c.m.d.t.t.k.s.TwitterToKafkaServiceApplication - Starting TwitterToKafkaServiceApplication using Java 11.0.10 on Weibins-MBP-4 with PID 15927 (/Users/weibinshen/Projects/microservices-demo/twitter-to-kafka-service/target/classes started by weibinshen in /Users/weibinshen/Projects/microservices-demo)
2021-02-20 17:42:59 [main] INFO  c.m.d.t.t.k.s.TwitterToKafkaServiceApplication - No active profile set, falling back to default profiles: default
2021-02-20 17:43:00 [main] INFO  c.m.d.t.t.k.s.TwitterToKafkaServiceApplication - Started TwitterToKafkaServiceApplication in 0.821 seconds (JVM running for 1.304)
2021-02-20 17:43:00 [main] INFO  c.m.d.t.t.k.s.TwitterToKafkaServiceApplication - WEIBIN DEBUG: App Starts...
2021-02-20 17:43:00 [main] INFO  c.m.d.t.t.k.s.TwitterToKafkaServiceApplication - [Java, Microservices, Spring, Kafka, Elasticsearch]
2021-02-20 17:43:00 [main] INFO  c.m.d.t.t.k.s.TwitterToKafkaServiceApplication - Welcome from the yaml file
2021-02-20 17:44:24 [main] INFO  c.m.d.t.t.k.s.TwitterToKafkaServiceApplication - Starting TwitterToKafkaServiceApplication using Java 11.0.10 on Weibins-MBP-4 with PID 15931 (/Users/weibinshen/Projects/microservices-demo/twitter-to-kafka-service/target/classes started by weibinshen in /Users/weibinshen/Projects/microservices-demo)
2021-02-20 17:44:24 [main] INFO  c.m.d.t.t.k.s.TwitterToKafkaServiceApplication - No active profile set, falling back to default profiles: default
2021-02-20 17:44:24 [main] INFO  c.m.d.t.t.k.s.TwitterToKafkaServiceApplication - Started TwitterToKafkaServiceApplication in 0.806 seconds (JVM running for 1.377)
2021-02-20 17:44:24 [main] INFO  c.m.d.t.t.k.s.TwitterToKafkaServiceApplication - WEIBIN DEBUG: App Starts...
2021-02-20 17:44:24 [main] INFO  c.m.d.t.t.k.s.TwitterToKafkaServiceApplication - [Java, Microservices, Spring, Kafka, Elasticsearch]
2021-02-20 17:44:24 [main] INFO  c.m.d.t.t.k.s.TwitterToKafkaServiceApplication - Welcome from the yaml file
2021-02-20 17:54:31 [main] INFO  c.m.d.t.t.k.s.TwitterToKafkaServiceApplication - Starting TwitterToKafkaServiceApplication using Java 11.0.10 on Weibins-MBP-4 with PID 15951 (/Users/weibinshen/Projects/microservices-demo/twitter-to-kafka-service/target/classes started by weibinshen in /Users/weibinshen/Projects/microservices-demo)
2021-02-20 17:54:31 [main] INFO  c.m.d.t.t.k.s.TwitterToKafkaServiceApplication - No active profile set, falling back to default profiles: default
2021-02-20 17:54:32 [main] INFO  c.m.d.t.t.k.s.TwitterToKafkaServiceApplication - Started TwitterToKafkaServiceApplication in 0.886 seconds (JVM running for 1.398)
2021-02-20 17:54:32 [main] INFO  c.m.d.t.t.k.s.TwitterToKafkaServiceApplication - WEIBIN DEBUG: App Starts...
2021-02-20 17:54:32 [main] INFO  c.m.d.t.t.k.s.TwitterToKafkaServiceApplication - [Java, Microservices, Spring, Kafka, Elasticsearch]
2021-02-20 17:54:32 [main] INFO  c.m.d.t.t.k.s.TwitterToKafkaServiceApplication - Welcome from the yaml file
